================================================================================
2021-08-06 09:17:33,680 [INFO] kf_modules\core.py, collect_checks(), line:32 - Collecting checks...
2021-08-06 09:17:40,412 [INFO] kingfisher.py, process(), line:39 - Start scanning...
2021-08-06 09:17:44,972 [INFO] kf_modules\report.py, __init__(), line:93 - Found High: 110, Medium: 120, Low: 9, Info: 0
2021-08-06 09:17:44,978 [INFO] kf_modules\report.py, __init__(), line:94 - Creating report...
2021-08-06 12:38:33,147 [INFO] kingfisher.py, process(), line:29 - ================================================================================
2021-08-06 12:38:33,147 [INFO] kf_modules\core.py, collect_checks(), line:32 - Collecting checks...
2021-08-06 12:38:38,889 [INFO] kingfisher.py, process(), line:39 - Start scanning...
2021-08-06 12:38:43,426 [INFO] kf_modules\report.py, __init__(), line:93 - Found High: 110, Medium: 120, Low: 9, Info: 0
2021-08-06 12:38:43,426 [INFO] kf_modules\report.py, __init__(), line:94 - Creating report...
2021-08-06 13:57:10,006 [INFO] kingfisher.py, process(), line:29 - ================================================================================
2021-08-06 13:57:10,006 [INFO] kf_modules\core.py, collect_checks(), line:32 - Collecting checks...
2021-08-06 13:57:16,107 [INFO] kingfisher.py, process(), line:39 - Start scanning...
2021-08-06 13:57:20,190 [INFO] kf_modules\report.py, __init__(), line:98 - Found High: 110, Medium: 120, Low: 9, Info: 0
2021-08-06 13:57:20,192 [INFO] kf_modules\report.py, __init__(), line:99 - Creating report...
2021-08-06 13:58:16,547 [INFO] kingfisher.py, process(), line:29 - ================================================================================
2021-08-06 13:58:16,552 [INFO] kf_modules\core.py, collect_checks(), line:32 - Collecting checks...
2021-08-06 13:58:22,455 [INFO] kingfisher.py, process(), line:39 - Start scanning...
2021-08-06 13:58:26,336 [INFO] kf_modules\report.py, __init__(), line:98 - Found High: 110, Medium: 120, Low: 9, Info: 0
2021-08-06 13:58:26,341 [INFO] kf_modules\report.py, __init__(), line:99 - Creating report...
2021-08-06 13:59:06,797 [INFO] kingfisher.py, process(), line:29 - ================================================================================
2021-08-06 13:59:06,802 [INFO] kf_modules\core.py, collect_checks(), line:32 - Collecting checks...
2021-08-06 13:59:12,618 [INFO] kingfisher.py, process(), line:39 - Start scanning...
2021-08-06 13:59:16,533 [INFO] kf_modules\report.py, __init__(), line:98 - Found High: 110, Medium: 120, Low: 9, Info: 0
2021-08-06 13:59:16,538 [INFO] kf_modules\report.py, __init__(), line:99 - Creating report...
2021-08-06 14:34:21,876 [INFO] kingfisher.py, process(), line:29 - ================================================================================
2021-08-06 14:34:21,876 [INFO] kf_modules\core.py, collect_checks(), line:32 - Collecting checks...
2021-08-06 14:34:27,845 [INFO] kingfisher.py, process(), line:39 - Start scanning...
2021-08-06 14:34:31,911 [INFO] kf_modules\report.py, __init__(), line:98 - Found High: 110, Medium: 120, Low: 9, Info: 0
2021-08-06 14:34:31,915 [INFO] kf_modules\report.py, __init__(), line:99 - Creating report...
